This file contains any messages produced by compilers while
running configure, to aid debugging if configure makes a mistake.

It was created by configure, which was
generated by GNU Autoconf 2.71.  Invocation command line was

  $ ./configure --with-sdl-prefix=/home/liujc10/source/dev/Pandora/external/SDL2_ttf/../SDL/release --with-ft-prefix=/home/liujc10/source/dev/Pandora/external/SDL2_ttf/../freetype/release --prefix=/home/liujc10/source/dev/Pandora/external/SDL2_ttf/release

## --------- ##
## Platform. ##
## --------- ##

hostname = LIUJC10-F42H97Z
uname -m = x86_64
uname -r = 5.15.90.1-microsoft-standard-WSL2
uname -s = Linux
uname -v = #1 SMP Fri Jan 27 02:56:13 UTC 2023

/usr/bin/uname -p = x86_64
/bin/uname -X     = unknown

/bin/arch              = x86_64
/usr/bin/arch -k       = unknown
/usr/convex/getsysinfo = unknown
/usr/bin/hostinfo      = unknown
/bin/machine           = unknown
/usr/bin/oslevel       = unknown
/bin/universe          = unknown

PATH: /home/liujc10/.local/bin/
PATH: /opt/bin/
PATH: /usr/local/sbin/
PATH: /usr/local/bin/
PATH: /usr/sbin/
PATH: /usr/bin/
PATH: /sbin/
PATH: /bin/
PATH: /usr/games/
PATH: /usr/local/games/
PATH: /usr/lib/wsl/lib/
PATH: /mnt/c/Program Files/WindowsApps/MicrosoftCorporationII.WindowsSubsystemForLinux_1.2.0.0_x64__8wekyb3d8bbwe/
PATH: /mnt/c/Users/liujc10/AppData/Roaming/MobaXterm/slash/bin/
PATH: /mnt/c/windows/
PATH: /mnt/c/windows/system32/
PATH: /mnt/c/Program Files/Common Files/Oracle/Java/javapath/
PATH: /mnt/c/windows/system32/
PATH: /mnt/c/windows/
PATH: /mnt/c/windows/System32/Wbem/
PATH: /mnt/c/windows/System32/WindowsPowerShell/v1.0/
PATH: /mnt/c/Windows/platform-tools/
PATH: /mnt/c/Python27/
PATH: /mnt/d/Program Files/Git/cmd/
PATH: /mnt/c/Program Files/usbipd-win/
PATH: /mnt/c/Users/liujc10/AppData/Local/Microsoft/WindowsApps/
PATH: /mnt/c/windows/sysnative/
PATH: /snap/bin/
PATH: /home/liujc10/android-ndk-r25b/


## ----------- ##
## Core tests. ##
## ----------- ##

configure:2678: looking for aux files: missing install-sh compile config.guess config.sub ltmain.sh
configure:2691:  trying ./
configure:2720:   ./missing found
configure:2702:   ./install-sh found
configure:2720:   ./compile found
configure:2720:   ./config.guess found
configure:2720:   ./config.sub found
configure:2720:   ./ltmain.sh found
configure:2889: checking build system type
configure:2904: result: x86_64-pc-linux-gnu
configure:2924: checking host system type
configure:2938: result: x86_64-pc-linux-gnu
configure:3024: checking for gcc
configure:3045: found /usr/bin/gcc
configure:3056: result: gcc
configure:3409: checking for C compiler version
configure:3418: gcc --version >&5
gcc (Ubuntu 11.2.0-19ubuntu1) 11.2.0
Copyright (C) 2021 Free Software Foundation, Inc.
This is free software; see the source for copying conditions.  There is NO
warranty; not even for MERCHANTABILITY or FITNESS FOR A PARTICULAR PURPOSE.

configure:3429: $? = 0
configure:3418: gcc -v >&5
Using built-in specs.
COLLECT_GCC=gcc
COLLECT_LTO_WRAPPER=/usr/lib/gcc/x86_64-linux-gnu/11/lto-wrapper
OFFLOAD_TARGET_NAMES=nvptx-none:amdgcn-amdhsa
OFFLOAD_TARGET_DEFAULT=1
Target: x86_64-linux-gnu
Configured with: ../src/configure -v --with-pkgversion='Ubuntu 11.2.0-19ubuntu1' --with-bugurl=file:///usr/share/doc/gcc-11/README.Bugs --enable-languages=c,ada,c++,go,brig,d,fortran,objc,obj-c++,m2 --prefix=/usr --with-gcc-major-version-only --program-suffix=-11 --program-prefix=x86_64-linux-gnu- --enable-shared --enable-linker-build-id --libexecdir=/usr/lib --without-included-gettext --enable-threads=posix --libdir=/usr/lib --enable-nls --enable-bootstrap --enable-clocale=gnu --enable-libstdcxx-debug --enable-libstdcxx-time=yes --with-default-libstdcxx-abi=new --enable-gnu-unique-object --disable-vtable-verify --enable-plugin --enable-default-pie --with-system-zlib --enable-libphobos-checking=release --with-target-system-zlib=auto --enable-objc-gc=auto --enable-multiarch --disable-werror --enable-cet --with-arch-32=i686 --with-abi=m64 --with-multilib-list=m32,m64,mx32 --enable-multilib --with-tune=generic --enable-offload-targets=nvptx-none=/build/gcc-11-gBFGDP/gcc-11-11.2.0/debian/tmp-nvptx/usr,amdgcn-amdhsa=/build/gcc-11-gBFGDP/gcc-11-11.2.0/debian/tmp-gcn/usr --without-cuda-driver --enable-checking=release --build=x86_64-linux-gnu --host=x86_64-linux-gnu --target=x86_64-linux-gnu --with-build-config=bootstrap-lto-lean --enable-link-serialization=2
Thread model: posix
Supported LTO compression algorithms: zlib zstd
gcc version 11.2.0 (Ubuntu 11.2.0-19ubuntu1) 
... rest of stderr output deleted ...
configure:3429: $? = 0
configure:3418: gcc -V >&5
gcc: error: unrecognized command-line option '-V'
gcc: fatal error: no input files
compilation terminated.
configure:3429: $? = 1
configure:3418: gcc -qversion >&5
gcc: error: unrecognized command-line option '-qversion'; did you mean '--version'?
gcc: fatal error: no input files
compilation terminated.
configure:3429: $? = 1
configure:3418: gcc -version >&5
gcc: error: unrecognized command-line option '-version'
gcc: fatal error: no input files
compilation terminated.
configure:3429: $? = 1
configure:3449: checking whether the C compiler works
configure:3471: gcc    conftest.c  >&5
configure:3475: $? = 0
configure:3525: result: yes
configure:3528: checking for C compiler default output file name
configure:3530: result: a.out
configure:3536: checking for suffix of executables
configure:3543: gcc -o conftest    conftest.c  >&5
configure:3547: $? = 0
configure:3570: result: 
configure:3592: checking whether we are cross compiling
configure:3600: gcc -o conftest    conftest.c  >&5
configure:3604: $? = 0
configure:3611: ./conftest
configure:3615: $? = 0
configure:3630: result: no
configure:3635: checking for suffix of object files
configure:3658: gcc -c   conftest.c >&5
configure:3662: $? = 0
configure:3684: result: o
configure:3688: checking whether the compiler supports GNU C
configure:3708: gcc -c   conftest.c >&5
configure:3708: $? = 0
configure:3718: result: yes
configure:3729: checking whether gcc accepts -g
configure:3750: gcc -c -g  conftest.c >&5
configure:3750: $? = 0
configure:3794: result: yes
configure:3814: checking for gcc option to enable C11 features
configure:3829: gcc  -c -g -O2  conftest.c >&5
configure:3829: $? = 0
configure:3847: result: none needed
configure:3963: checking whether gcc understands -c and -o together
configure:3986: gcc -c conftest.c -o conftest2.o
configure:3989: $? = 0
configure:3986: gcc -c conftest.c -o conftest2.o
configure:3989: $? = 0
configure:4001: result: yes
configure:4018: checking for a sed that does not truncate output
configure:4088: result: /usr/bin/sed
configure:4106: checking for grep that handles long lines and -e
configure:4170: result: /usr/bin/grep
configure:4175: checking for egrep
configure:4243: result: /usr/bin/grep -E
configure:4248: checking for fgrep
configure:4316: result: /usr/bin/grep -F
configure:4352: checking for ld used by gcc
configure:4420: result: /usr/bin/ld
configure:4427: checking if the linker (/usr/bin/ld) is GNU ld
configure:4443: result: yes
configure:4455: checking for BSD- or MS-compatible name lister (nm)
configure:4505: result: /usr/bin/nm -B
configure:4633: checking the name lister (/usr/bin/nm -B) interface
configure:4641: gcc -c -g -O2  conftest.c >&5
configure:4644: /usr/bin/nm -B "conftest.o"
configure:4647: output
0000000000000000 B some_variable
configure:4654: result: BSD nm
configure:4657: checking whether ln -s works
configure:4661: result: yes
configure:4669: checking the maximum length of command line arguments
configure:4796: result: 1572864
configure:4813: checking whether the shell understands some XSI constructs
configure:4823: result: yes
configure:4827: checking whether the shell understands "+="
configure:4833: result: yes
configure:4868: checking for /usr/bin/ld option to reload object files
configure:4876: result: -r
configure:4950: checking for objdump
configure:4971: found /usr/bin/objdump
configure:4982: result: objdump
configure:5011: checking how to recognize dependent libraries
configure:5210: result: pass_all
configure:5275: checking for ar
configure:5296: found /usr/bin/ar
configure:5307: result: ar
configure:5390: checking for strip
configure:5411: found /usr/bin/strip
configure:5422: result: strip
configure:5499: checking for ranlib
configure:5520: found /usr/bin/ranlib
configure:5531: result: ranlib
configure:5621: checking command to parse /usr/bin/nm -B output from gcc object
configure:5740: gcc -c -g -O2  conftest.c >&5
configure:5743: $? = 0
configure:5747: /usr/bin/nm -B conftest.o \| sed -n -e 's/^.*[	 ]\([ABCDGIRSTW][ABCDGIRSTW]*\)[	 ][	 ]*\([_A-Za-z][_A-Za-z0-9]*\)$/\1 \2 \2/p' \> conftest.nm
configure:5750: $? = 0
configure:5804: gcc -o conftest -g -O2   conftest.c conftstm.o >&5
configure:5807: $? = 0
configure:5845: result: ok
configure:5942: gcc -c -g -O2  conftest.c >&5
configure:5945: $? = 0
configure:6712: checking for stdio.h
configure:6712: gcc -c -g -O2  conftest.c >&5
configure:6712: $? = 0
configure:6712: result: yes
configure:6712: checking for stdlib.h
configure:6712: gcc -c -g -O2  conftest.c >&5
configure:6712: $? = 0
configure:6712: result: yes
configure:6712: checking for string.h
configure:6712: gcc -c -g -O2  conftest.c >&5
configure:6712: $? = 0
configure:6712: result: yes
configure:6712: checking for inttypes.h
configure:6712: gcc -c -g -O2  conftest.c >&5
configure:6712: $? = 0
configure:6712: result: yes
configure:6712: checking for stdint.h
configure:6712: gcc -c -g -O2  conftest.c >&5
configure:6712: $? = 0
configure:6712: result: yes
configure:6712: checking for strings.h
configure:6712: gcc -c -g -O2  conftest.c >&5
configure:6712: $? = 0
configure:6712: result: yes
configure:6712: checking for sys/stat.h
configure:6712: gcc -c -g -O2  conftest.c >&5
configure:6712: $? = 0
configure:6712: result: yes
configure:6712: checking for sys/types.h
configure:6712: gcc -c -g -O2  conftest.c >&5
configure:6712: $? = 0
configure:6712: result: yes
configure:6712: checking for unistd.h
configure:6712: gcc -c -g -O2  conftest.c >&5
configure:6712: $? = 0
configure:6712: result: yes
configure:6737: checking for dlfcn.h
configure:6737: gcc -c -g -O2  conftest.c >&5
configure:6737: $? = 0
configure:6737: result: yes
configure:7250: checking for objdir
configure:7266: result: .libs
configure:7562: checking if gcc supports -fno-rtti -fno-exceptions
configure:7581: gcc -c -g -O2  -fno-rtti -fno-exceptions conftest.c >&5
cc1: warning: command-line option '-fno-rtti' is valid for C++/D/ObjC++ but not for C
configure:7585: $? = 0
configure:7598: result: no
configure:7618: checking for gcc option to produce PIC
configure:7890: result: -fPIC -DPIC
configure:7902: checking if gcc PIC flag -fPIC -DPIC works
configure:7921: gcc -c -g -O2  -fPIC -DPIC -DPIC conftest.c >&5
configure:7925: $? = 0
configure:7938: result: yes
configure:7962: checking if gcc static flag -static works
configure:7991: result: yes
configure:8006: checking if gcc supports -c -o file.o
configure:8028: gcc -c -g -O2  -o out/conftest2.o conftest.c >&5
configure:8032: $? = 0
configure:8054: result: yes
configure:8062: checking if gcc supports -c -o file.o
configure:8110: result: yes
configure:8143: checking whether the gcc linker (/usr/bin/ld -m elf_x86_64) supports shared libraries
configure:9132: result: yes
configure:9169: checking whether -lc should be explicitly linked in
configure:9174: gcc -c -g -O2  conftest.c >&5
configure:9177: $? = 0
configure:9192: gcc -shared conftest.o  -v -Wl,-soname -Wl,conftest -o conftest 2\>\&1 \| /usr/bin/grep  -lc  \>/dev/null 2\>\&1
configure:9195: $? = 0
configure:9207: result: no
configure:9371: checking dynamic linker characteristics
configure:9806: gcc -o conftest -g -O2   -Wl,-rpath -Wl,/foo conftest.c  >&5
configure:9806: $? = 0
configure:10026: result: GNU/Linux ld.so
configure:10128: checking how to hardcode library paths into programs
configure:10153: result: immediate
configure:10677: checking whether stripping libraries is possible
configure:10682: result: yes
configure:10717: checking if libtool supports shared libraries
configure:10719: result: yes
configure:10722: checking whether to build shared libraries
configure:10743: result: yes
configure:10746: checking whether to build static libraries
configure:10750: result: yes
configure:10815: checking for a BSD-compatible install
configure:10888: result: /usr/bin/install -c
configure:10899: checking whether build environment is sane
configure:10954: result: yes
configure:11109: checking for a race-free mkdir -p
configure:11153: result: /usr/bin/mkdir -p
configure:11160: checking for gawk
configure:11181: found /usr/bin/gawk
configure:11192: result: gawk
configure:11203: checking whether make sets $(MAKE)
configure:11226: result: yes
configure:11248: checking whether make supports the include directive
configure:11263: make -f confmf.GNU && cat confinc.out
make[4]: Entering directory '/home/liujc10/source/dev/Pandora/external/SDL2_ttf/SDL2_ttf-2.0.15'
make[4]: Leaving directory '/home/liujc10/source/dev/Pandora/external/SDL2_ttf/SDL2_ttf-2.0.15'
this is the am__doit target
configure:11266: $? = 0
configure:11285: result: yes (GNU style)
configure:11320: checking whether make supports nested variables
configure:11338: result: yes
configure:11420: checking dependency style of gcc
configure:11532: result: gcc3
configure:11659: checking for gcc
configure:11691: result: gcc
configure:12044: checking for C compiler version
configure:12053: gcc --version >&5
gcc (Ubuntu 11.2.0-19ubuntu1) 11.2.0
Copyright (C) 2021 Free Software Foundation, Inc.
This is free software; see the source for copying conditions.  There is NO
warranty; not even for MERCHANTABILITY or FITNESS FOR A PARTICULAR PURPOSE.

configure:12064: $? = 0
configure:12053: gcc -v >&5
Using built-in specs.
COLLECT_GCC=gcc
COLLECT_LTO_WRAPPER=/usr/lib/gcc/x86_64-linux-gnu/11/lto-wrapper
OFFLOAD_TARGET_NAMES=nvptx-none:amdgcn-amdhsa
OFFLOAD_TARGET_DEFAULT=1
Target: x86_64-linux-gnu
Configured with: ../src/configure -v --with-pkgversion='Ubuntu 11.2.0-19ubuntu1' --with-bugurl=file:///usr/share/doc/gcc-11/README.Bugs --enable-languages=c,ada,c++,go,brig,d,fortran,objc,obj-c++,m2 --prefix=/usr --with-gcc-major-version-only --program-suffix=-11 --program-prefix=x86_64-linux-gnu- --enable-shared --enable-linker-build-id --libexecdir=/usr/lib --without-included-gettext --enable-threads=posix --libdir=/usr/lib --enable-nls --enable-bootstrap --enable-clocale=gnu --enable-libstdcxx-debug --enable-libstdcxx-time=yes --with-default-libstdcxx-abi=new --enable-gnu-unique-object --disable-vtable-verify --enable-plugin --enable-default-pie --with-system-zlib --enable-libphobos-checking=release --with-target-system-zlib=auto --enable-objc-gc=auto --enable-multiarch --disable-werror --enable-cet --with-arch-32=i686 --with-abi=m64 --with-multilib-list=m32,m64,mx32 --enable-multilib --with-tune=generic --enable-offload-targets=nvptx-none=/build/gcc-11-gBFGDP/gcc-11-11.2.0/debian/tmp-nvptx/usr,amdgcn-amdhsa=/build/gcc-11-gBFGDP/gcc-11-11.2.0/debian/tmp-gcn/usr --without-cuda-driver --enable-checking=release --build=x86_64-linux-gnu --host=x86_64-linux-gnu --target=x86_64-linux-gnu --with-build-config=bootstrap-lto-lean --enable-link-serialization=2
Thread model: posix
Supported LTO compression algorithms: zlib zstd
gcc version 11.2.0 (Ubuntu 11.2.0-19ubuntu1) 
... rest of stderr output deleted ...
configure:12064: $? = 0
configure:12053: gcc -V >&5
gcc: error: unrecognized command-line option '-V'
gcc: fatal error: no input files
compilation terminated.
configure:12064: $? = 1
configure:12053: gcc -qversion >&5
gcc: error: unrecognized command-line option '-qversion'; did you mean '--version'?
gcc: fatal error: no input files
compilation terminated.
configure:12064: $? = 1
configure:12053: gcc -version >&5
gcc: error: unrecognized command-line option '-version'
gcc: fatal error: no input files
compilation terminated.
configure:12064: $? = 1
configure:12068: checking whether the compiler supports GNU C
configure:12098: result: yes
configure:12109: checking whether gcc accepts -g
configure:12174: result: yes
configure:12194: checking for gcc option to enable C11 features
configure:12227: result: none needed
configure:12343: checking whether gcc understands -c and -o together
configure:12381: result: yes
configure:12399: checking whether make sets $(MAKE)
configure:12422: result: yes
configure:12440: checking for windres
configure:12475: result: no
configure:12440: checking for linux-gnu-windres
configure:12475: result: no
configure:12488: checking for size_t
configure:12488: gcc -c -g -O2  conftest.c >&5
configure:12488: $? = 0
configure:12488: gcc -c -g -O2  conftest.c >&5
conftest.c: In function 'main':
conftest.c:54:21: error: expected expression before ')' token
   54 | if (sizeof ((size_t)))
      |                     ^
configure:12488: $? = 1
configure: failed program was:
| /* confdefs.h */
| #define PACKAGE_NAME ""
| #define PACKAGE_TARNAME ""
| #define PACKAGE_VERSION ""
| #define PACKAGE_STRING ""
| #define PACKAGE_BUGREPORT ""
| #define PACKAGE_URL ""
| #define HAVE_STDIO_H 1
| #define HAVE_STDLIB_H 1
| #define HAVE_STRING_H 1
| #define HAVE_INTTYPES_H 1
| #define HAVE_STDINT_H 1
| #define HAVE_STRINGS_H 1
| #define HAVE_SYS_STAT_H 1
| #define HAVE_SYS_TYPES_H 1
| #define HAVE_UNISTD_H 1
| #define STDC_HEADERS 1
| #define HAVE_DLFCN_H 1
| #define LT_OBJDIR ".libs/"
| #define PACKAGE "SDL2_ttf"
| #define VERSION "2.0.15"
| /* end confdefs.h.  */
| #include <stddef.h>
| #ifdef HAVE_STDIO_H
| # include <stdio.h>
| #endif
| #ifdef HAVE_STDLIB_H
| # include <stdlib.h>
| #endif
| #ifdef HAVE_STRING_H
| # include <string.h>
| #endif
| #ifdef HAVE_INTTYPES_H
| # include <inttypes.h>
| #endif
| #ifdef HAVE_STDINT_H
| # include <stdint.h>
| #endif
| #ifdef HAVE_STRINGS_H
| # include <strings.h>
| #endif
| #ifdef HAVE_SYS_TYPES_H
| # include <sys/types.h>
| #endif
| #ifdef HAVE_SYS_STAT_H
| # include <sys/stat.h>
| #endif
| #ifdef HAVE_UNISTD_H
| # include <unistd.h>
| #endif
| int
| main (void)
| {
| if (sizeof ((size_t)))
| 	    return 0;
|   ;
|   return 0;
| }
configure:12488: result: yes
configure:12500: checking for working alloca.h
configure:12518: gcc -o conftest -g -O2   conftest.c  >&5
configure:12518: $? = 0
configure:12527: result: yes
configure:12535: checking for alloca
configure:12580: result: yes
configure:12733: checking for pkg-config
configure:12756: found /usr/bin/pkg-config
configure:12768: result: /usr/bin/pkg-config
configure:12793: checking pkg-config is at least version 0.9.0
configure:12796: result: yes
configure:12807: checking for FT2
configure:12815: $PKG_CONFIG --exists --print-errors "freetype2 >= 7.0.1"
configure:12818: $? = 0
configure:12833: $PKG_CONFIG --exists --print-errors "freetype2 >= 7.0.1"
configure:12836: $? = 0
configure:13516: result: yes
configure:13652: checking for sdl2-config
configure:13688: result: /home/liujc10/source/dev/Pandora/external/SDL2_ttf/../SDL/release/bin/sdl2-config
configure:13697: checking for SDL - version >= 2.0.8
configure:13786: gcc -o conftest -g -O2 -I/usr/include/freetype2 -I/usr/include/libpng16 -I/home/liujc10/source/dev/Pandora/external/SDL2_ttf/../SDL/release/include/SDL2 -D_REENTRANT   conftest.c  -lfreetype -L/home/liujc10/source/dev/Pandora/external/SDL2_ttf/../SDL/release/lib -Wl,-rpath,/home/liujc10/source/dev/Pandora/external/SDL/release/lib -Wl,--enable-new-dtags -lSDL2 >&5
configure:13786: $? = 0
configure:13786: ./conftest
configure:13786: $? = 0
configure:13802: result: yes
configure:13906: checking how to run the C preprocessor
configure:13932: gcc -E  conftest.c
configure:13932: $? = 0
configure:13947: gcc -E  conftest.c
conftest.c:25:10: fatal error: ac_nonexistent.h: No such file or directory
   25 | #include <ac_nonexistent.h>
      |          ^~~~~~~~~~~~~~~~~~
compilation terminated.
configure:13947: $? = 1
configure: failed program was:
| /* confdefs.h */
| #define PACKAGE_NAME ""
| #define PACKAGE_TARNAME ""
| #define PACKAGE_VERSION ""
| #define PACKAGE_STRING ""
| #define PACKAGE_BUGREPORT ""
| #define PACKAGE_URL ""
| #define HAVE_STDIO_H 1
| #define HAVE_STDLIB_H 1
| #define HAVE_STRING_H 1
| #define HAVE_INTTYPES_H 1
| #define HAVE_STDINT_H 1
| #define HAVE_STRINGS_H 1
| #define HAVE_SYS_STAT_H 1
| #define HAVE_SYS_TYPES_H 1
| #define HAVE_UNISTD_H 1
| #define STDC_HEADERS 1
| #define HAVE_DLFCN_H 1
| #define LT_OBJDIR ".libs/"
| #define PACKAGE "SDL2_ttf"
| #define VERSION "2.0.15"
| #define HAVE_ALLOCA_H 1
| #define HAVE_ALLOCA 1
| /* end confdefs.h.  */
| #include <ac_nonexistent.h>
configure:13974: result: gcc -E
configure:13988: gcc -E  conftest.c
configure:13988: $? = 0
configure:14003: gcc -E  conftest.c
conftest.c:25:10: fatal error: ac_nonexistent.h: No such file or directory
   25 | #include <ac_nonexistent.h>
      |          ^~~~~~~~~~~~~~~~~~
compilation terminated.
configure:14003: $? = 1
configure: failed program was:
| /* confdefs.h */
| #define PACKAGE_NAME ""
| #define PACKAGE_TARNAME ""
| #define PACKAGE_VERSION ""
| #define PACKAGE_STRING ""
| #define PACKAGE_BUGREPORT ""
| #define PACKAGE_URL ""
| #define HAVE_STDIO_H 1
| #define HAVE_STDLIB_H 1
| #define HAVE_STRING_H 1
| #define HAVE_INTTYPES_H 1
| #define HAVE_STDINT_H 1
| #define HAVE_STRINGS_H 1
| #define HAVE_SYS_STAT_H 1
| #define HAVE_SYS_TYPES_H 1
| #define HAVE_UNISTD_H 1
| #define STDC_HEADERS 1
| #define HAVE_DLFCN_H 1
| #define LT_OBJDIR ".libs/"
| #define PACKAGE "SDL2_ttf"
| #define VERSION "2.0.15"
| #define HAVE_ALLOCA_H 1
| #define HAVE_ALLOCA 1
| /* end confdefs.h.  */
| #include <ac_nonexistent.h>
configure:14034: checking for X
configure:14072: gcc -o conftest -g -O2 -I/usr/include/freetype2 -I/usr/include/libpng16 -I/home/liujc10/source/dev/Pandora/external/SDL2_ttf/../SDL/release/include/SDL2 -D_REENTRANT   conftest.c -lX11  -lfreetype -L/home/liujc10/source/dev/Pandora/external/SDL2_ttf/../SDL/release/lib -Wl,-rpath,/home/liujc10/source/dev/Pandora/external/SDL/release/lib -Wl,--enable-new-dtags -lSDL2 >&5
configure:14072: $? = 0
configure:14259: result: libraries , headers 
configure:14357: gcc -o conftest -g -O2 -I/usr/include/freetype2 -I/usr/include/libpng16 -I/home/liujc10/source/dev/Pandora/external/SDL2_ttf/../SDL/release/include/SDL2 -D_REENTRANT   conftest.c  -lfreetype -L/home/liujc10/source/dev/Pandora/external/SDL2_ttf/../SDL/release/lib -Wl,-rpath,/home/liujc10/source/dev/Pandora/external/SDL/release/lib -Wl,--enable-new-dtags -lSDL2  -lX11 >&5
configure:14357: $? = 0
configure:14456: checking for gethostbyname
configure:14456: gcc -o conftest -g -O2 -I/usr/include/freetype2 -I/usr/include/libpng16 -I/home/liujc10/source/dev/Pandora/external/SDL2_ttf/../SDL/release/include/SDL2 -D_REENTRANT   conftest.c  -lfreetype -L/home/liujc10/source/dev/Pandora/external/SDL2_ttf/../SDL/release/lib -Wl,-rpath,/home/liujc10/source/dev/Pandora/external/SDL/release/lib -Wl,--enable-new-dtags -lSDL2 >&5
configure:14456: $? = 0
configure:14456: result: yes
configure:14554: checking for connect
configure:14554: gcc -o conftest -g -O2 -I/usr/include/freetype2 -I/usr/include/libpng16 -I/home/liujc10/source/dev/Pandora/external/SDL2_ttf/../SDL/release/include/SDL2 -D_REENTRANT   conftest.c  -lfreetype -L/home/liujc10/source/dev/Pandora/external/SDL2_ttf/../SDL/release/lib -Wl,-rpath,/home/liujc10/source/dev/Pandora/external/SDL/release/lib -Wl,--enable-new-dtags -lSDL2 >&5
configure:14554: $? = 0
configure:14554: result: yes
configure:14604: checking for remove
configure:14604: gcc -o conftest -g -O2 -I/usr/include/freetype2 -I/usr/include/libpng16 -I/home/liujc10/source/dev/Pandora/external/SDL2_ttf/../SDL/release/include/SDL2 -D_REENTRANT   conftest.c  -lfreetype -L/home/liujc10/source/dev/Pandora/external/SDL2_ttf/../SDL/release/lib -Wl,-rpath,/home/liujc10/source/dev/Pandora/external/SDL/release/lib -Wl,--enable-new-dtags -lSDL2 >&5
configure:14604: $? = 0
configure:14604: result: yes
configure:14654: checking for shmat
configure:14654: gcc -o conftest -g -O2 -I/usr/include/freetype2 -I/usr/include/libpng16 -I/home/liujc10/source/dev/Pandora/external/SDL2_ttf/../SDL/release/include/SDL2 -D_REENTRANT   conftest.c  -lfreetype -L/home/liujc10/source/dev/Pandora/external/SDL2_ttf/../SDL/release/lib -Wl,-rpath,/home/liujc10/source/dev/Pandora/external/SDL/release/lib -Wl,--enable-new-dtags -lSDL2 >&5
configure:14654: $? = 0
configure:14654: result: yes
configure:14713: checking for IceConnectionNumber in -lICE
configure:14736: gcc -o conftest -g -O2 -I/usr/include/freetype2 -I/usr/include/libpng16 -I/home/liujc10/source/dev/Pandora/external/SDL2_ttf/../SDL/release/include/SDL2 -D_REENTRANT   conftest.c -lICE   -lfreetype -L/home/liujc10/source/dev/Pandora/external/SDL2_ttf/../SDL/release/lib -Wl,-rpath,/home/liujc10/source/dev/Pandora/external/SDL/release/lib -Wl,--enable-new-dtags -lSDL2 >&5
configure:14736: $? = 0
configure:14746: result: yes
configure:14765: checking for OpenGL support
configure:14785: gcc -o conftest -g -O2 -I/usr/include/freetype2 -I/usr/include/libpng16 -I/home/liujc10/source/dev/Pandora/external/SDL2_ttf/../SDL/release/include/SDL2 -D_REENTRANT    conftest.c  -lfreetype -L/home/liujc10/source/dev/Pandora/external/SDL2_ttf/../SDL/release/lib -Wl,-rpath,/home/liujc10/source/dev/Pandora/external/SDL/release/lib -Wl,--enable-new-dtags -lSDL2  -lGL >&5
configure:14785: $? = 0
configure:14793: result: yes
configure:14946: checking that generated files are newer than configure
configure:14952: result: done
configure:14979: creating ./config.status

## ---------------------- ##
## Running config.status. ##
## ---------------------- ##

This file was extended by config.status, which was
generated by GNU Autoconf 2.71.  Invocation command line was

  CONFIG_FILES    = 
  CONFIG_HEADERS  = 
  CONFIG_LINKS    = 
  CONFIG_COMMANDS = 
  $ ./config.status 

on LIUJC10-F42H97Z

config.status:1020: creating Makefile
config.status:1020: creating SDL2_ttf.spec
config.status:1020: creating SDL2_ttf.pc
config.status:1192: executing libtool commands
config.status:1192: executing depfiles commands
config.status:1911: cd .       && sed -e '/# am--include-marker/d' Makefile         | make -f - am--depfiles
make[4]: Entering directory '/home/liujc10/source/dev/Pandora/external/SDL2_ttf/SDL2_ttf-2.0.15'
make[4]: Leaving directory '/home/liujc10/source/dev/Pandora/external/SDL2_ttf/SDL2_ttf-2.0.15'
config.status:1916: $? = 0

## ---------------- ##
## Cache variables. ##
## ---------------- ##

ac_cv_build=x86_64-pc-linux-gnu
ac_cv_c_compiler_gnu=yes
ac_cv_env_CC_set=
ac_cv_env_CC_value=
ac_cv_env_CFLAGS_set=
ac_cv_env_CFLAGS_value=
ac_cv_env_CPPFLAGS_set=
ac_cv_env_CPPFLAGS_value=
ac_cv_env_CPP_set=
ac_cv_env_CPP_value=
ac_cv_env_FT2_CFLAGS_set=
ac_cv_env_FT2_CFLAGS_value=
ac_cv_env_FT2_LIBS_set=
ac_cv_env_FT2_LIBS_value=
ac_cv_env_LDFLAGS_set=
ac_cv_env_LDFLAGS_value=
ac_cv_env_LIBS_set=
ac_cv_env_LIBS_value=
ac_cv_env_PKG_CONFIG_set=
ac_cv_env_PKG_CONFIG_value=
ac_cv_env_SDL_CFLAGS_set=
ac_cv_env_SDL_CFLAGS_value=
ac_cv_env_SDL_LIBS_set=
ac_cv_env_SDL_LIBS_value=
ac_cv_env_XMKMF_set=
ac_cv_env_XMKMF_value=
ac_cv_env_build_alias_set=
ac_cv_env_build_alias_value=
ac_cv_env_host_alias_set=
ac_cv_env_host_alias_value=
ac_cv_env_target_alias_set=
ac_cv_env_target_alias_value=
ac_cv_func_alloca_works=yes
ac_cv_func_connect=yes
ac_cv_func_gethostbyname=yes
ac_cv_func_remove=yes
ac_cv_func_shmat=yes
ac_cv_have_x='have_x=yes	ac_x_includes='\'''\''	ac_x_libraries='\'''\'''
ac_cv_header_dlfcn_h=yes
ac_cv_header_inttypes_h=yes
ac_cv_header_stdint_h=yes
ac_cv_header_stdio_h=yes
ac_cv_header_stdlib_h=yes
ac_cv_header_string_h=yes
ac_cv_header_strings_h=yes
ac_cv_header_sys_stat_h=yes
ac_cv_header_sys_types_h=yes
ac_cv_header_unistd_h=yes
ac_cv_host=x86_64-pc-linux-gnu
ac_cv_lib_ICE_IceConnectionNumber=yes
ac_cv_objext=o
ac_cv_path_EGREP='/usr/bin/grep -E'
ac_cv_path_FGREP='/usr/bin/grep -F'
ac_cv_path_GREP=/usr/bin/grep
ac_cv_path_SDL2_CONFIG=/home/liujc10/source/dev/Pandora/external/SDL2_ttf/../SDL/release/bin/sdl2-config
ac_cv_path_SED=/usr/bin/sed
ac_cv_path_ac_pt_PKG_CONFIG=/usr/bin/pkg-config
ac_cv_path_install='/usr/bin/install -c'
ac_cv_path_mkdir=/usr/bin/mkdir
ac_cv_prog_AWK=gawk
ac_cv_prog_CPP='gcc -E'
ac_cv_prog_ac_ct_AR=ar
ac_cv_prog_ac_ct_CC=gcc
ac_cv_prog_ac_ct_OBJDUMP=objdump
ac_cv_prog_ac_ct_RANLIB=ranlib
ac_cv_prog_ac_ct_STRIP=strip
ac_cv_prog_cc_c11=
ac_cv_prog_cc_g=yes
ac_cv_prog_cc_stdc=
ac_cv_prog_make_make_set=yes
ac_cv_type_size_t=yes
ac_cv_working_alloca_h=yes
am_cv_CC_dependencies_compiler_type=gcc3
am_cv_make_support_nested_variables=yes
am_cv_prog_cc_c_o=yes
lt_cv_deplibs_check_method=pass_all
lt_cv_file_magic_cmd='$MAGIC_CMD'
lt_cv_file_magic_test_file=
lt_cv_ld_reload_flag=-r
lt_cv_nm_interface='BSD nm'
lt_cv_objdir=.libs
lt_cv_path_LD=/usr/bin/ld
lt_cv_path_NM='/usr/bin/nm -B'
lt_cv_prog_compiler_c_o=yes
lt_cv_prog_compiler_pic_works=yes
lt_cv_prog_compiler_rtti_exceptions=no
lt_cv_prog_compiler_static_works=yes
lt_cv_prog_gnu_ld=yes
lt_cv_sys_global_symbol_pipe='sed -n -e '\''s/^.*[	 ]\([ABCDGIRSTW][ABCDGIRSTW]*\)[	 ][	 ]*\([_A-Za-z][_A-Za-z0-9]*\)$/\1 \2 \2/p'\'''
lt_cv_sys_global_symbol_to_c_name_address='sed -n -e '\''s/^: \([^ ]*\) $/  {\"\1\", (void *) 0},/p'\'' -e '\''s/^[ABCDGIRSTW]* \([^ ]*\) \([^ ]*\)$/  {"\2", (void *) \&\2},/p'\'''
lt_cv_sys_global_symbol_to_c_name_address_lib_prefix='sed -n -e '\''s/^: \([^ ]*\) $/  {\"\1\", (void *) 0},/p'\'' -e '\''s/^[ABCDGIRSTW]* \([^ ]*\) \(lib[^ ]*\)$/  {"\2", (void *) \&\2},/p'\'' -e '\''s/^[ABCDGIRSTW]* \([^ ]*\) \([^ ]*\)$/  {"lib\2", (void *) \&\2},/p'\'''
lt_cv_sys_global_symbol_to_cdecl='sed -n -e '\''s/^T .* \(.*\)$/extern int \1();/p'\'' -e '\''s/^[ABCDGIRSTW]* .* \(.*\)$/extern char \1;/p'\'''
lt_cv_sys_max_cmd_len=1572864
pkg_cv_FT2_CFLAGS='-I/usr/include/freetype2 -I/usr/include/libpng16'
pkg_cv_FT2_LIBS=-lfreetype

## ----------------- ##
## Output variables. ##
## ----------------- ##

ACLOCAL='${SHELL} '\''/home/liujc10/source/dev/Pandora/external/SDL2_ttf/SDL2_ttf-2.0.15/missing'\'' aclocal-1.16'
ALLOCA=''
AMDEPBACKSLASH='\'
AMDEP_FALSE='#'
AMDEP_TRUE=''
AMTAR='$${TAR-tar}'
AM_BACKSLASH='\'
AM_DEFAULT_V='$(AM_DEFAULT_VERBOSITY)'
AM_DEFAULT_VERBOSITY='1'
AM_V='$(V)'
AR='ar'
AS='as'
AUTOCONF='${SHELL} '\''/home/liujc10/source/dev/Pandora/external/SDL2_ttf/SDL2_ttf-2.0.15/missing'\'' autoconf'
AUTOHEADER='${SHELL} '\''/home/liujc10/source/dev/Pandora/external/SDL2_ttf/SDL2_ttf-2.0.15/missing'\'' autoheader'
AUTOMAKE='${SHELL} '\''/home/liujc10/source/dev/Pandora/external/SDL2_ttf/SDL2_ttf-2.0.15/missing'\'' automake-1.16'
AWK='gawk'
BINARY_AGE='15'
CC='gcc'
CCDEPMODE='depmode=gcc3'
CFLAGS='-g -O2 -I/usr/include/freetype2 -I/usr/include/libpng16 -I/home/liujc10/source/dev/Pandora/external/SDL2_ttf/../SDL/release/include/SDL2 -D_REENTRANT  -DHAVE_OPENGL'
CPP='gcc -E'
CPPFLAGS=''
CSCOPE='cscope'
CTAGS='ctags'
CYGPATH_W='echo'
DEFS='-DPACKAGE_NAME=\"\" -DPACKAGE_TARNAME=\"\" -DPACKAGE_VERSION=\"\" -DPACKAGE_STRING=\"\" -DPACKAGE_BUGREPORT=\"\" -DPACKAGE_URL=\"\" -DHAVE_STDIO_H=1 -DHAVE_STDLIB_H=1 -DHAVE_STRING_H=1 -DHAVE_INTTYPES_H=1 -DHAVE_STDINT_H=1 -DHAVE_STRINGS_H=1 -DHAVE_SYS_STAT_H=1 -DHAVE_SYS_TYPES_H=1 -DHAVE_UNISTD_H=1 -DSTDC_HEADERS=1 -DHAVE_DLFCN_H=1 -DLT_OBJDIR=\".libs/\" -DPACKAGE=\"SDL2_ttf\" -DVERSION=\"2.0.15\" -DHAVE_ALLOCA_H=1 -DHAVE_ALLOCA=1'
DEPDIR='.deps'
DLLTOOL='dlltool'
DSYMUTIL=''
DUMPBIN=''
ECHO_C=''
ECHO_N='-n'
ECHO_T=''
EGREP='/usr/bin/grep -E'
ETAGS='etags'
EXEEXT=''
FGREP='/usr/bin/grep -F'
FT2_CFLAGS='-I/usr/include/freetype2 -I/usr/include/libpng16'
FT2_CONFIG=''
FT2_LIBS='-lfreetype'
GL_LIBS=' -lGL'
GREP='/usr/bin/grep'
INSTALL_DATA='${INSTALL} -m 644'
INSTALL_PROGRAM='${INSTALL}'
INSTALL_SCRIPT='${INSTALL}'
INSTALL_STRIP_PROGRAM='$(install_sh) -c -s'
INTERFACE_AGE='1'
LD='/usr/bin/ld -m elf_x86_64'
LDFLAGS=''
LIBOBJS=''
LIBS=' -lfreetype -L/home/liujc10/source/dev/Pandora/external/SDL2_ttf/../SDL/release/lib -Wl,-rpath,/home/liujc10/source/dev/Pandora/external/SDL/release/lib -Wl,--enable-new-dtags -lSDL2'
LIBTOOL='$(SHELL) $(top_builddir)/libtool'
LIPO=''
LN_S='ln -s'
LTLIBOBJS=''
LT_AGE='14'
LT_CURRENT='14'
LT_RELEASE='2.0'
LT_REVISION='1'
MAJOR_VERSION='2'
MAKEINFO='${SHELL} '\''/home/liujc10/source/dev/Pandora/external/SDL2_ttf/SDL2_ttf-2.0.15/missing'\'' makeinfo'
MATHLIB='-lm'
MICRO_VERSION='15'
MINOR_VERSION='0'
MKDIR_P='/usr/bin/mkdir -p'
NM='/usr/bin/nm -B'
NMEDIT=''
OBJDUMP='objdump'
OBJEXT='o'
OTOOL64=''
OTOOL=''
PACKAGE='SDL2_ttf'
PACKAGE_BUGREPORT=''
PACKAGE_NAME=''
PACKAGE_STRING=''
PACKAGE_TARNAME=''
PACKAGE_URL=''
PACKAGE_VERSION=''
PATH_SEPARATOR=':'
PKG_CONFIG='/usr/bin/pkg-config'
RANLIB='ranlib'
SDL2_CONFIG='/home/liujc10/source/dev/Pandora/external/SDL2_ttf/../SDL/release/bin/sdl2-config'
SDL_CFLAGS='-I/home/liujc10/source/dev/Pandora/external/SDL2_ttf/../SDL/release/include/SDL2 -D_REENTRANT'
SDL_LIBS='-L/home/liujc10/source/dev/Pandora/external/SDL2_ttf/../SDL/release/lib -Wl,-rpath,/home/liujc10/source/dev/Pandora/external/SDL/release/lib -Wl,--enable-new-dtags -lSDL2'
SDL_VERSION='2.0.8'
SED='/usr/bin/sed'
SET_MAKE=''
SHELL='/bin/bash'
STRIP='strip'
USE_VERSION_RC_FALSE=''
USE_VERSION_RC_TRUE='#'
VERSION='2.0.15'
WINDRES=''
XMKMF=''
X_CFLAGS=''
X_EXTRA_LIBS=''
X_LIBS=''
X_PRE_LIBS=' -lSM -lICE'
ac_ct_CC='gcc'
ac_ct_DUMPBIN=''
am__EXEEXT_FALSE=''
am__EXEEXT_TRUE='#'
am__fastdepCC_FALSE='#'
am__fastdepCC_TRUE=''
am__include='include'
am__isrc=''
am__leading_dot='.'
am__nodep='_no'
am__quote=''
am__tar='$${TAR-tar} chof - "$$tardir"'
am__untar='$${TAR-tar} xf -'
bindir='${exec_prefix}/bin'
build='x86_64-pc-linux-gnu'
build_alias=''
build_cpu='x86_64'
build_os='linux-gnu'
build_vendor='pc'
datadir='${datarootdir}'
datarootdir='${prefix}/share'
docdir='${datarootdir}/doc/${PACKAGE}'
dvidir='${docdir}'
exec_prefix='${prefix}'
host='x86_64-pc-linux-gnu'
host_alias=''
host_cpu='x86_64'
host_os='linux-gnu'
host_vendor='pc'
htmldir='${docdir}'
includedir='${prefix}/include'
infodir='${datarootdir}/info'
install_sh='${SHELL} /home/liujc10/source/dev/Pandora/external/SDL2_ttf/SDL2_ttf-2.0.15/install-sh'
libdir='${exec_prefix}/lib'
libexecdir='${exec_prefix}/libexec'
localedir='${datarootdir}/locale'
localstatedir='${prefix}/var'
lt_ECHO='echo'
mandir='${datarootdir}/man'
mkdir_p='$(MKDIR_P)'
oldincludedir='/usr/include'
pdfdir='${docdir}'
prefix='/home/liujc10/source/dev/Pandora/external/SDL2_ttf/release'
program_transform_name='s,x,x,'
psdir='${docdir}'
runstatedir='${localstatedir}/run'
sbindir='${exec_prefix}/sbin'
sharedstatedir='${prefix}/com'
sysconfdir='${prefix}/etc'
target_alias=''

## ----------- ##
## confdefs.h. ##
## ----------- ##

/* confdefs.h */
#define PACKAGE_NAME ""
#define PACKAGE_TARNAME ""
#define PACKAGE_VERSION ""
#define PACKAGE_STRING ""
#define PACKAGE_BUGREPORT ""
#define PACKAGE_URL ""
#define HAVE_STDIO_H 1
#define HAVE_STDLIB_H 1
#define HAVE_STRING_H 1
#define HAVE_INTTYPES_H 1
#define HAVE_STDINT_H 1
#define HAVE_STRINGS_H 1
#define HAVE_SYS_STAT_H 1
#define HAVE_SYS_TYPES_H 1
#define HAVE_UNISTD_H 1
#define STDC_HEADERS 1
#define HAVE_DLFCN_H 1
#define LT_OBJDIR ".libs/"
#define PACKAGE "SDL2_ttf"
#define VERSION "2.0.15"
#define HAVE_ALLOCA_H 1
#define HAVE_ALLOCA 1

configure: exit 0
